c:\users\chuanqi\desktop\人工智能助教\ai-assignment2\assignment2\debug\vc142.pdb
c:\users\chuanqi\desktop\人工智能助教\ai-assignment2\assignment2\debug\vc142.idb
c:\users\chuanqi\desktop\人工智能助教\ai-assignment2\assignment2\debug\search.obj
c:\users\chuanqi\desktop\人工智能助教\ai-assignment2\assignment2\debug\relation.obj
c:\users\chuanqi\desktop\人工智能助教\ai-assignment2\assignment2\debug\queen.obj
c:\users\chuanqi\desktop\人工智能助教\ai-assignment2\assignment2\debug\inference.obj
c:\users\chuanqi\desktop\人工智能助教\ai-assignment2\assignment2\debug\csp.obj
c:\users\chuanqi\desktop\人工智能助教\ai-assignment2\assignment2\debug\main.obj
c:\users\chuanqi\desktop\人工智能助教\ai-assignment2\assignment2\debug\tests.obj
c:\users\chuanqi\desktop\人工智能助教\ai-assignment2\debug\assignment2.exe
c:\users\chuanqi\desktop\人工智能助教\ai-assignment2\assignment2\debug\assignment2.ilk
c:\users\chuanqi\desktop\人工智能助教\ai-assignment2\debug\assignment2.pdb
d:\learn\project\ai-practice\ai-introduction\assignment2\assignment2\debug\csp.obj
d:\learn\project\ai-practice\ai-introduction\assignment2\assignment2\debug\inference.obj
d:\learn\project\ai-practice\ai-introduction\assignment2\assignment2\debug\main.obj
d:\learn\project\ai-practice\ai-introduction\assignment2\assignment2\debug\queen.obj
d:\learn\project\ai-practice\ai-introduction\assignment2\assignment2\debug\relation.obj
d:\learn\project\ai-practice\ai-introduction\assignment2\assignment2\debug\search.obj
d:\learn\project\ai-practice\ai-introduction\assignment2\assignment2\debug\tests.obj
d:\learn\project\ai-practice\ai-introduction\assignment2\assignment2\debug\assignment2.ilk
d:\learn\project\ai-practice\ai-introduction\assignment2\assignment2\debug\vc142.idb
d:\learn\project\ai-practice\ai-introduction\assignment2\assignment2\debug\vc142.pdb
d:\learn\project\ai-practice\ai-introduction\assignment2\assignment2\debug\assignment2.tlog\cl.command.1.tlog
d:\learn\project\ai-practice\ai-introduction\assignment2\assignment2\debug\assignment2.tlog\cl.read.1.tlog
d:\learn\project\ai-practice\ai-introduction\assignment2\assignment2\debug\assignment2.tlog\cl.write.1.tlog
d:\learn\project\ai-practice\ai-introduction\assignment2\assignment2\debug\assignment2.tlog\link.command.1.tlog
d:\learn\project\ai-practice\ai-introduction\assignment2\assignment2\debug\assignment2.tlog\link.read.1.tlog
d:\learn\project\ai-practice\ai-introduction\assignment2\assignment2\debug\assignment2.tlog\link.write.1.tlog
